#
# A fatal error has been detected by the Java Runtime Environment:
#
#  SIGSEGV (0xb) at pc=0x00007fcd05069cba, pid=20908, tid=0x00007fccf4975700
#
# JRE version: Java(TM) SE Runtime Environment (8.0_181-b13) (build 1.8.0_181-b13)
# Java VM: Java HotSpot(TM) 64-Bit Server VM (25.181-b13 mixed mode linux-amd64 compressed oops)
# Problematic frame:
# v  ~BufferBlob::jni_fast_GetLongField
#
# Failed to write core dump. Core dumps have been disabled. To enable core dumping, try "ulimit -c unlimited" before starting Java again
#
# If you would like to submit a bug report, please visit:
#   http://bugreport.java.com/bugreport/crash.jsp
# The crash happened outside the Java Virtual Machine in native code.
# See problematic frame for where to report the bug.
#

---------------  T H R E A D  ---------------

Current thread (0x00007fcd14312000):  JavaThread "AWT-XAWT" daemon [_thread_in_native, id=20928, stack(0x00007fccf4875000,0x00007fccf4976000)]

siginfo: si_signo: 11 (SIGSEGV), si_code: 1 (SEGV_MAPERR), si_addr: 0x0000000000000000

Registers:
RAX=0x00007fcd1c217280, RBX=0x00007fcd143121f8, RCX=0x00007fcd1cc7f2c0, RDX=0x0000000000000042
RSP=0x00007fccf4974618, RBP=0x00007fccf4974640, RSI=0x0000000000000000, RDI=0x00007fcd143121f8
R8 =0x00000000000001d6, R9 =0x0000000000000000, R10=0x0000000000000014, R11=0x00007fcd1bc50540
R12=0x00007fccb000c630, R13=0x0000000000000000, R14=0x00007fccfd65e820, R15=0x00007fcd14312000
RIP=0x00007fcd05069cba, EFLAGS=0x0000000000010246, CSGSFS=0x002b000000000033, ERR=0x0000000000000004
  TRAPNO=0x000000000000000e

Top of Stack: (sp=0x00007fccf4974618)
0x00007fccf4974618:   00007fccfd43d001 00007fcd18f96fb8
0x00007fccf4974628:   00007fccb000c630 00007fcd18f96fb8
0x00007fccf4974638:   00007fccf4974728 0000000000000000
0x00007fccf4974648:   00007fccfcf1e420 00007fcd18f96fb8
0x00007fccf4974658:   00007fccf4974680 0000000000000000
0x00007fccf4974668:   00007fccfcf15ff3 00007fcd18f96fb8
0x00007fccf4974678:   00007fccfd43623f 00007fccf49746f0
0x00007fccf4974688:   00007fcd050186c7 00007fcd05008040
0x00007fccf4974698:   0000000000000000 00000000edd0d810
0x00007fccf49746a8:   0000000000000000 00007fccf49746b0
0x00007fccf49746b8:   0000000000000000 00007fccf4974728
0x00007fccf49746c8:   00007fcd18f9b648 0000000000000000
0x00007fccf49746d8:   00007fcd18f96fb8 0000000000000000
0x00007fccf49746e8:   00007fccf4974710 00007fccf4974770
0x00007fccf49746f8:   00007fcd05007a90 00000000eddeac98
0x00007fccf4974708:   00007fcd05011d00 0000000000000000
0x00007fccf4974718:   00007fccf4974770 00007fccb8002e20
0x00007fccf4974728:   00000000edd18ae8 00007fccf4974730
0x00007fccf4974738:   00007fcd18f561b4 00007fccf49747b8
0x00007fccf4974748:   00007fcd18f6e0e0 0000000000000000
0x00007fccf4974758:   00007fcd18f562f0 00007fccf4974710
0x00007fccf4974768:   00007fccf49747b0 00007fccf4974800
0x00007fccf4974778:   00007fcd050082bd 0000000000000000
0x00007fccf4974788:   0000000000000000 0000000000000000
0x00007fccf4974798:   0000000000000000 0000000000000000
0x00007fccf49747a8:   00000000edd18ae8 0000000000000000
0x00007fccf49747b8:   00000000edd18a90 00007fccf49747c0
0x00007fccf49747c8:   00007fcd18f55ff5 00007fccf4974810
0x00007fccf49747d8:   00007fcd18f6e0e0 0000000000000000
0x00007fccf49747e8:   00007fcd18f56000 00007fccf49747b0
0x00007fccf49747f8:   00007fccf4974810 00007fccf4974858
0x00007fccf4974808:   00007fcd05008302 00000000edd18a90 

Instructions: (pc=0x00007fcd05069cba)
0x00007fcd05069c9a:   00 00 00 00 00 00 44 8b 15 61 d1 1e 17 4c 8b ce
0x00007fcd05069caa:   41 f6 c2 01 0f 85 2e 00 00 00 4d 33 ca 4d 33 ca
0x00007fcd05069cba:   4d 8b 09 4c 8b da 49 c1 eb 02 4b 8b 04 19 49 bb
0x00007fcd05069cca:   08 6e 25 1c cd 7f 00 00 4c 33 d8 4c 33 d8 45 3b 

Register to memory mapping:

RAX=0x00007fcd1c217280: <offset 0xf95280> in /usr/lib/jvm/java-8-oracle/jre/lib/amd64/server/libjvm.so at 0x00007fcd1b282000
RBX=0x00007fcd143121f8 is an unknown value
RCX=0x00007fcd1cc7f2c0: <offset 0x2182c0> in /lib/x86_64-linux-gnu/libpthread.so.0 at 0x00007fcd1ca67000
RDX=0x0000000000000042 is an unknown value
RSP=0x00007fccf4974618 is pointing into the stack for thread: 0x00007fcd14312000
RBP=0x00007fccf4974640 is pointing into the stack for thread: 0x00007fcd14312000
RSI=0x0000000000000000 is an unknown value
RDI=0x00007fcd143121f8 is an unknown value
R8 =0x00000000000001d6 is an unknown value
R9 =0x0000000000000000 is an unknown value
R10=0x0000000000000014 is an unknown value
R11=0x00007fcd1bc50540: <offset 0x9ce540> in /usr/lib/jvm/java-8-oracle/jre/lib/amd64/server/libjvm.so at 0x00007fcd1b282000
R12=0x00007fccb000c630 is an unknown value
R13=0x0000000000000000 is an unknown value
R14=0x00007fccfd65e820: <offset 0x258820> in /usr/lib/jvm/java-8-oracle/jre/lib/amd64/libawt_xawt.so at 0x00007fccfd406000
R15=0x00007fcd14312000 is a thread


Stack: [0x00007fccf4875000,0x00007fccf4976000],  sp=0x00007fccf4974618,  free space=1021k
Native frames: (J=compiled Java code, j=interpreted, Vv=VM code, C=native code)
v  ~BufferBlob::jni_fast_GetLongField
C  [libX11.so.6+0x64420]  _XimServerDestroy+0x70

Java frames: (J=compiled Java code, j=interpreted, Vv=VM code)
j  sun.awt.X11.XlibWrapper.XFilterEvent(JJ)Z+0
j  sun.awt.X11.XToolkit.run(Z)V+300
j  sun.awt.X11.XToolkit.run()V+5
j  java.lang.Thread.run()V+11
v  ~StubRoutines::call_stub

---------------  P R O C E S S  ---------------

Java Threads: ( => current thread )
  0x00007fccc0008000 JavaThread "H2 Console thread" [_thread_in_native, id=21019, stack(0x00007fcc9e4fc000,0x00007fcc9e5fd000)]
  0x00007fcd1400a800 JavaThread "DestroyJavaVM" [_thread_blocked, id=20909, stack(0x00007fcd1cd89000,0x00007fcd1ce8a000)]
  0x00007fcd144dd800 JavaThread "H2 PG Server (pg://127.0.1.1:5435)" [_thread_in_native, id=20950, stack(0x00007fcca40d2000,0x00007fcca41d3000)]
  0x00007fcd144dc800 JavaThread "H2 TCP Server (tcp://127.0.1.1:9092)" [_thread_in_native, id=20949, stack(0x00007fccac0b8000,0x00007fccac1b9000)]
  0x00007fcd14349800 JavaThread "Thread-1" daemon [_thread_blocked, id=20932, stack(0x00007fccf4271000,0x00007fccf4372000)]
  0x00007fcd14346000 JavaThread "AWT-EventQueue-0" [_thread_blocked, id=20930, stack(0x00007fccf4673000,0x00007fccf4774000)]
  0x00007fcd14344800 JavaThread "AWT-Shutdown" [_thread_blocked, id=20929, stack(0x00007fccf4774000,0x00007fccf4875000)]
=>0x00007fcd14312000 JavaThread "AWT-XAWT" daemon [_thread_in_native, id=20928, stack(0x00007fccf4875000,0x00007fccf4976000)]
  0x00007fcd142f7800 JavaThread "Java2D Disposer" daemon [_thread_blocked, id=20927, stack(0x00007fccfd931000,0x00007fccfda32000)]
  0x00007fcd14244000 JavaThread "H2 Console Server (http://127.0.1.1:8082)" [_thread_in_native, id=20923, stack(0x00007fccfda32000,0x00007fccfdb33000)]
  0x00007fcd14190000 JavaThread "Service Thread" daemon [_thread_blocked, id=20921, stack(0x00007fccfde4b000,0x00007fccfdf4c000)]
  0x00007fcd14185000 JavaThread "C1 CompilerThread2" daemon [_thread_blocked, id=20920, stack(0x00007fccfdf4c000,0x00007fccfe04d000)]
  0x00007fcd14183000 JavaThread "C2 CompilerThread1" daemon [_thread_blocked, id=20919, stack(0x00007fccfe04d000,0x00007fccfe14e000)]
  0x00007fcd14180000 JavaThread "C2 CompilerThread0" daemon [_thread_blocked, id=20918, stack(0x00007fccfe14e000,0x00007fccfe24f000)]
  0x00007fcd1417e800 JavaThread "Signal Dispatcher" daemon [_thread_in_vm, id=20917, stack(0x00007fccfe24f000,0x00007fccfe350000)]
  0x00007fcd1414b800 JavaThread "Finalizer" daemon [_thread_blocked, id=20916, stack(0x00007fcd044f5000,0x00007fcd045f6000)]
  0x00007fcd14149000 JavaThread "Reference Handler" daemon [_thread_blocked, id=20915, stack(0x00007fcd045f6000,0x00007fcd046f7000)]

Other Threads:
  0x00007fcd1413f800 VMThread [stack: 0x00007fcd046f7000,0x00007fcd047f8000] [id=20914]
  0x00007fcd14195000 WatcherThread [stack: 0x00007fccfdd4a000,0x00007fccfde4b000] [id=20922]

VM state:not at safepoint (normal execution)

VM Mutex/Monitor currently owned by a thread:  ([mutex/lock_event])
[0x00007fcd14006ae0] Threads_lock - owner thread: 0x00007fcd1417e800

Heap:
 PSYoungGen      total 17408K, used 4421K [0x00000000ece00000, 0x00000000ef000000, 0x0000000100000000)
  eden space 15360K, 15% used [0x00000000ece00000,0x00000000ed054768,0x00000000edd00000)
  from space 2048K, 99% used [0x00000000edd00000,0x00000000edefd060,0x00000000edf00000)
  to   space 2048K, 0% used [0x00000000eee00000,0x00000000eee00000,0x00000000ef000000)
 ParOldGen       total 39936K, used 2104K [0x00000000c6a00000, 0x00000000c9100000, 0x00000000ece00000)
  object space 39936K, 5% used [0x00000000c6a00000,0x00000000c6c0e1d0,0x00000000c9100000)
 Metaspace       used 13415K, capacity 13636K, committed 13952K, reserved 1060864K
  class space    used 1464K, capacity 1543K, committed 1664K, reserved 1048576K

Card table byte_map: [0x00007fcd1994e000,0x00007fcd19b1a000] byte_map_base: 0x00007fcd19319000

Marking Bits: (ParMarkBitMap*) 0x00007fcd1c2560a0
 Begin Bits: [0x00007fccfe350000, 0x00007fccff1a8000)
 End Bits:   [0x00007fccff1a8000, 0x00007fcd00000000)

Polling page: 0x00007fcd1cea8000

CodeCache: size=245760Kb used=2551Kb max_used=2555Kb free=243208Kb
 bounds [0x00007fcd05000000, 0x00007fcd05290000, 0x00007fcd14000000]
 total_blobs=1176 nmethods=635 adapters=455
 compilation: enabled

Compilation events (10 events):
Event: 1,338 Thread 0x00007fcd14185000  634       3       java.util.zip.ZipInputStream::createZipEntry (9 bytes)
Event: 1,338 Thread 0x00007fcd14185000 nmethod 634 0x00007fcd05275290 code [0x00007fcd05275400, 0x00007fcd05275608]
Event: 1,341 Thread 0x00007fcd14185000  635       3       sun.nio.cs.UTF_8$Encoder::encode (359 bytes)
Event: 1,342 Thread 0x00007fcd14183000 nmethod 631 0x00007fcd05274990 code [0x00007fcd05274b00, 0x00007fcd05274fc8]
Event: 1,342 Thread 0x00007fcd14185000 nmethod 635 0x00007fcd05279950 code [0x00007fcd05279b60, 0x00007fcd0527a6c8]
Event: 1,349 Thread 0x00007fcd14180000 nmethod 629% 0x00007fcd0527ca10 code [0x00007fcd0527cba0, 0x00007fcd0527d118]
Event: 1,413 Thread 0x00007fcd14183000  636   !   4       java.util.zip.InflaterInputStream::read (138 bytes)
Event: 1,462 Thread 0x00007fcd14183000 nmethod 636 0x00007fcd052802d0 code [0x00007fcd052804c0, 0x00007fcd05281b48]
Event: 72,744 Thread 0x00007fcd14185000  638   !   3       sun.awt.X11.XToolkit::callTimeoutTasks (220 bytes)
Event: 72,753 Thread 0x00007fcd14185000 nmethod 638 0x00007fcd0527d610 code [0x00007fcd0527d9a0, 0x00007fcd0527f7d8]

GC Heap History (2 events):
Event: 1,168 GC heap before
{Heap before GC invocations=1 (full 0):
 PSYoungGen      total 17408K, used 15360K [0x00000000ece00000, 0x00000000ee100000, 0x0000000100000000)
  eden space 15360K, 100% used [0x00000000ece00000,0x00000000edd00000,0x00000000edd00000)
  from space 2048K, 0% used [0x00000000edf00000,0x00000000edf00000,0x00000000ee100000)
  to   space 2048K, 0% used [0x00000000edd00000,0x00000000edd00000,0x00000000edf00000)
 ParOldGen       total 39936K, used 0K [0x00000000c6a00000, 0x00000000c9100000, 0x00000000ece00000)
  object space 39936K, 0% used [0x00000000c6a00000,0x00000000c6a00000,0x00000000c9100000)
 Metaspace       used 13068K, capacity 13220K, committed 13312K, reserved 1060864K
  class space    used 1438K, capacity 1511K, committed 1536K, reserved 1048576K
Event: 1,185 GC heap after
Heap after GC invocations=1 (full 0):
 PSYoungGen      total 17408K, used 2036K [0x00000000ece00000, 0x00000000ef000000, 0x0000000100000000)
  eden space 15360K, 0% used [0x00000000ece00000,0x00000000ece00000,0x00000000edd00000)
  from space 2048K, 99% used [0x00000000edd00000,0x00000000edefd060,0x00000000edf00000)
  to   space 2048K, 0% used [0x00000000eee00000,0x00000000eee00000,0x00000000ef000000)
 ParOldGen       total 39936K, used 2104K [0x00000000c6a00000, 0x00000000c9100000, 0x00000000ece00000)
  object space 39936K, 5% used [0x00000000c6a00000,0x00000000c6c0e1d0,0x00000000c9100000)
 Metaspace       used 13068K, capacity 13220K, committed 13312K, reserved 1060864K
  class space    used 1438K, capacity 1511K, committed 1536K, reserved 1048576K
}

Deoptimization events (2 events):
Event: 1,216 Thread 0x00007fccc0008000 Uncommon trap: reason=unstable_if action=reinterpret pc=0x00007fcd051b4c70 method=java.lang.String.replace(CC)Ljava/lang/String; @ 26
Event: 1,341 Thread 0x00007fccc0008000 Uncommon trap: reason=unstable_if action=reinterpret pc=0x00007fcd0524c760 method=sun.nio.cs.UTF_8$Encoder.encode([CII[B)I @ 33

Classes redefined (0 events):
No events

Internal exceptions (10 events):
Event: 0,043 Thread 0x00007fcd1400a800 Exception <a 'java/lang/NoSuchMethodError': Method sun.misc.Unsafe.defineClass(Ljava/lang/String;[BII)Ljava/lang/Class; name or signature does not match> (0x00000000ece07cb0) thrown at [/HUDSON/workspace/8-2-build-linux-amd64/jdk8u181/11358/hotspot/src/sh
Event: 0,043 Thread 0x00007fcd1400a800 Exception <a 'java/lang/NoSuchMethodError': Method sun.misc.Unsafe.prefetchRead(Ljava/lang/Object;J)V name or signature does not match> (0x00000000ece07f98) thrown at [/HUDSON/workspace/8-2-build-linux-amd64/jdk8u181/11358/hotspot/src/share/vm/prims/jni.c
Event: 0,182 Thread 0x00007fccc0008000 Exception <a 'java/security/PrivilegedActionException'> (0x00000000ed0ddcf8) thrown at [/HUDSON/workspace/8-2-build-linux-amd64/jdk8u181/11358/hotspot/src/share/vm/prims/jvm.cpp, line 1435]
Event: 0,182 Thread 0x00007fccc0008000 Exception <a 'java/security/PrivilegedActionException'> (0x00000000ed0ddf08) thrown at [/HUDSON/workspace/8-2-build-linux-amd64/jdk8u181/11358/hotspot/src/share/vm/prims/jvm.cpp, line 1435]
Event: 0,183 Thread 0x00007fccc0008000 Exception <a 'java/security/PrivilegedActionException'> (0x00000000ed0e0370) thrown at [/HUDSON/workspace/8-2-build-linux-amd64/jdk8u181/11358/hotspot/src/share/vm/prims/jvm.cpp, line 1435]
Event: 0,183 Thread 0x00007fccc0008000 Exception <a 'java/security/PrivilegedActionException'> (0x00000000ed0e0580) thrown at [/HUDSON/workspace/8-2-build-linux-amd64/jdk8u181/11358/hotspot/src/share/vm/prims/jvm.cpp, line 1435]
Event: 0,236 Thread 0x00007fcd1400a800 Exception <a 'java/lang/NoSuchFieldError': method resolution failed> (0x00000000ed1e04d0) thrown at [/HUDSON/workspace/8-2-build-linux-amd64/jdk8u181/11358/hotspot/src/share/vm/prims/methodHandles.cpp, line 1167]
Event: 0,238 Thread 0x00007fcd1400a800 Exception <a 'java/lang/NoSuchFieldError': method resolution failed> (0x00000000ed1ed8a0) thrown at [/HUDSON/workspace/8-2-build-linux-amd64/jdk8u181/11358/hotspot/src/share/vm/prims/methodHandles.cpp, line 1167]
Event: 0,273 Thread 0x00007fcd1400a800 Exception <a 'java/io/FileNotFoundException'> (0x00000000ed2bfff8) thrown at [/HUDSON/workspace/8-2-build-linux-amd64/jdk8u181/11358/hotspot/src/share/vm/prims/jni.cpp, line 709]
Event: 0,273 Thread 0x00007fcd1400a800 Exception <a 'java/io/FileNotFoundException'> (0x00000000ed2c0a30) thrown at [/HUDSON/workspace/8-2-build-linux-amd64/jdk8u181/11358/hotspot/src/share/vm/prims/jni.cpp, line 709]

Events (10 events):
Event: 1,333 Thread 0x00007fccc0008000 DEOPT UNPACKING pc=0x00007fcd05047784 sp=0x00007fcc9e5fae30 mode 0
Event: 1,339 Thread 0x00007fccc0008000 DEOPT PACKING pc=0x00007fcd05114892 sp=0x00007fcc9e5fb230
Event: 1,339 Thread 0x00007fccc0008000 DEOPT UNPACKING pc=0x00007fcd05047784 sp=0x00007fcc9e5fb0f8 mode 0
Event: 1,341 Thread 0x00007fccc0008000 Uncommon trap: trap_request=0xffffff65 fr.pc=0x00007fcd0524c760
Event: 1,341 Thread 0x00007fccc0008000 DEOPT PACKING pc=0x00007fcd0524c760 sp=0x00007fcc9e5fb470
Event: 1,341 Thread 0x00007fccc0008000 DEOPT UNPACKING pc=0x00007fcd0504573a sp=0x00007fcc9e5fb428 mode 2
Event: 4,105 Executing VM operation: EnableBiasedLocking
Event: 4,106 Executing VM operation: EnableBiasedLocking done
Event: 5,637 Thread 0x00007fccb0007000 Thread exited: 0x00007fccb0007000
Event: 14,328 Thread 0x00007fccc0009800 Thread exited: 0x00007fccc0009800


Dynamic libraries:
00400000-00401000 r-xp 00000000 08:02 5397155                            /usr/lib/jvm/java-8-oracle/bin/java
00600000-00601000 rw-p 00000000 08:02 5397155                            /usr/lib/jvm/java-8-oracle/bin/java
022ff000-02320000 rw-p 00000000 00:00 0                                  [heap]
c6a00000-c9100000 rw-p 00000000 00:00 0 
c9100000-ece00000 ---p 00000000 00:00 0 
ece00000-ef000000 rw-p 00000000 00:00 0 
ef000000-100000000 ---p 00000000 00:00 0 
100000000-1001a0000 rw-p 00000000 00:00 0 
1001a0000-140000000 ---p 00000000 00:00 0 
7fcc80000000-7fcc80021000 rw-p 00000000 00:00 0 
7fcc80021000-7fcc84000000 ---p 00000000 00:00 0 
7fcc84000000-7fcc84021000 rw-p 00000000 00:00 0 
7fcc84021000-7fcc88000000 ---p 00000000 00:00 0 
7fcc88000000-7fcc88022000 rw-p 00000000 00:00 0 
7fcc88022000-7fcc8c000000 ---p 00000000 00:00 0 
7fcc8c000000-7fcc8c021000 rw-p 00000000 00:00 0 
7fcc8c021000-7fcc90000000 ---p 00000000 00:00 0 
7fcc90000000-7fcc90021000 rw-p 00000000 00:00 0 
7fcc90021000-7fcc94000000 ---p 00000000 00:00 0 
7fcc94000000-7fcc94022000 rw-p 00000000 00:00 0 
7fcc94022000-7fcc98000000 ---p 00000000 00:00 0 
7fcc98000000-7fcc98022000 rw-p 00000000 00:00 0 
7fcc98022000-7fcc9c000000 ---p 00000000 00:00 0 
7fcc9e3fb000-7fcc9e3fe000 ---p 00000000 00:00 0 
7fcc9e3fe000-7fcc9e4fc000 rw-p 00000000 00:00 0 
7fcc9e4fc000-7fcc9e4ff000 ---p 00000000 00:00 0 
7fcc9e4ff000-7fcc9e7fd000 rw-p 00000000 00:00 0 
7fcc9e7fd000-7fcc9e7fe000 ---p 00000000 00:00 0 
7fcc9e7fe000-7fcc9effe000 rw-p 00000000 00:00 0 
7fcc9effe000-7fcc9efff000 ---p 00000000 00:00 0 
7fcc9efff000-7fcc9f7ff000 rw-p 00000000 00:00 0 
7fcc9f7ff000-7fcc9f800000 ---p 00000000 00:00 0 
7fcc9f800000-7fcca0000000 rw-p 00000000 00:00 0 
7fcca0000000-7fcca0021000 rw-p 00000000 00:00 0 
7fcca0021000-7fcca4000000 ---p 00000000 00:00 0 
7fcca40d2000-7fcca40d5000 ---p 00000000 00:00 0 
7fcca40d5000-7fcca41d3000 rw-p 00000000 00:00 0 
7fcca41d3000-7fcca4209000 r-xp 00000000 08:02 5111923                    /usr/lib/x86_64-linux-gnu/gvfs/libgvfscommon.so
7fcca4209000-7fcca4409000 ---p 00036000 08:02 5111923                    /usr/lib/x86_64-linux-gnu/gvfs/libgvfscommon.so
7fcca4409000-7fcca440e000 r--p 00036000 08:02 5111923                    /usr/lib/x86_64-linux-gnu/gvfs/libgvfscommon.so
7fcca440e000-7fcca440f000 rw-p 0003b000 08:02 5111923                    /usr/lib/x86_64-linux-gnu/gvfs/libgvfscommon.so
7fcca440f000-7fcca443f000 r-xp 00000000 08:02 5111921                    /usr/lib/x86_64-linux-gnu/gio/modules/libgvfsdbus.so
7fcca443f000-7fcca463f000 ---p 00030000 08:02 5111921                    /usr/lib/x86_64-linux-gnu/gio/modules/libgvfsdbus.so
7fcca463f000-7fcca4640000 r--p 00030000 08:02 5111921                    /usr/lib/x86_64-linux-gnu/gio/modules/libgvfsdbus.so
7fcca4640000-7fcca4642000 rw-p 00031000 08:02 5111921                    /usr/lib/x86_64-linux-gnu/gio/modules/libgvfsdbus.so
7fcca4642000-7fcca4643000 ---p 00000000 00:00 0 
7fcca4643000-7fcca4e43000 rw-p 00000000 00:00 0 
7fcca4e43000-7fcca4e44000 ---p 00000000 00:00 0 
7fcca4e44000-7fcca5644000 rw-p 00000000 00:00 0 
7fcca5644000-7fcca564f000 r-xp 00000000 08:02 5113015                    /usr/lib/x86_64-linux-gnu/gio/modules/libdconfsettings.so
7fcca564f000-7fcca584f000 ---p 0000b000 08:02 5113015                    /usr/lib/x86_64-linux-gnu/gio/modules/libdconfsettings.so
7fcca584f000-7fcca5850000 r--p 0000b000 08:02 5113015                    /usr/lib/x86_64-linux-gnu/gio/modules/libdconfsettings.so
7fcca5850000-7fcca5851000 rw-p 0000c000 08:02 5113015                    /usr/lib/x86_64-linux-gnu/gio/modules/libdconfsettings.so
7fcca5851000-7fcca5858000 r-xp 00000000 08:02 4726741                    /usr/lib/x86_64-linux-gnu/libogg.so.0.8.2
7fcca5858000-7fcca5a58000 ---p 00007000 08:02 4726741                    /usr/lib/x86_64-linux-gnu/libogg.so.0.8.2
7fcca5a58000-7fcca5a59000 r--p 00007000 08:02 4726741                    /usr/lib/x86_64-linux-gnu/libogg.so.0.8.2
7fcca5a59000-7fcca5a5a000 rw-p 00008000 08:02 4726741                    /usr/lib/x86_64-linux-gnu/libogg.so.0.8.2
7fcca5a5a000-7fcca5a84000 r-xp 00000000 08:02 4721478                    /usr/lib/x86_64-linux-gnu/libvorbis.so.0.4.8
7fcca5a84000-7fcca5c83000 ---p 0002a000 08:02 4721478                    /usr/lib/x86_64-linux-gnu/libvorbis.so.0.4.8
7fcca5c83000-7fcca5c84000 r--p 00029000 08:02 4721478                    /usr/lib/x86_64-linux-gnu/libvorbis.so.0.4.8
7fcca5c84000-7fcca5c85000 rw-p 0002a000 08:02 4721478                    /usr/lib/x86_64-linux-gnu/libvorbis.so.0.4.8
7fcca5c85000-7fcca5c8e000 r-xp 00000000 08:02 4726604                    /usr/lib/x86_64-linux-gnu/libltdl.so.7.3.1
7fcca5c8e000-7fcca5e8d000 ---p 00009000 08:02 4726604                    /usr/lib/x86_64-linux-gnu/libltdl.so.7.3.1
7fcca5e8d000-7fcca5e8e000 r--p 00008000 08:02 4726604                    /usr/lib/x86_64-linux-gnu/libltdl.so.7.3.1
7fcca5e8e000-7fcca5e8f000 rw-p 00009000 08:02 4726604                    /usr/lib/x86_64-linux-gnu/libltdl.so.7.3.1
7fcca5e8f000-7fcca5ea3000 r-xp 00000000 08:02 4726990                    /usr/lib/x86_64-linux-gnu/libtdb.so.1.3.8
7fcca5ea3000-7fcca60a2000 ---p 00014000 08:02 4726990                    /usr/lib/x86_64-linux-gnu/libtdb.so.1.3.8
7fcca60a2000-7fcca60a3000 r--p 00013000 08:02 4726990                    /usr/lib/x86_64-linux-gnu/libtdb.so.1.3.8
7fcca60a3000-7fcca60a4000 rw-p 00014000 08:02 4726990                    /usr/lib/x86_64-linux-gnu/libtdb.so.1.3.8
7fcca60a4000-7fcca60ab000 r-xp 00000000 08:02 4720094                    /usr/lib/x86_64-linux-gnu/libvorbisfile.so.3.3.7
7fcca60ab000-7fcca62ab000 ---p 00007000 08:02 4720094                    /usr/lib/x86_64-linux-gnu/libvorbisfile.so.3.3.7
7fcca62ab000-7fcca62ac000 r--p 00007000 08:02 4720094                    /usr/lib/x86_64-linux-gnu/libvorbisfile.so.3.3.7
7fcca62ac000-7fcca62ad000 rw-p 00008000 08:02 4720094                    /usr/lib/x86_64-linux-gnu/libvorbisfile.so.3.3.7
7fcca62ad000-7fcca62bd000 r-xp 00000000 08:02 4725990                    /usr/lib/x86_64-linux-gnu/libcanberra.so.0.2.5
7fcca62bd000-7fcca64bc000 ---p 00010000 08:02 4725990                    /usr/lib/x86_64-linux-gnu/libcanberra.so.0.2.5
7fcca64bc000-7fcca64bd000 r--p 0000f000 08:02 4725990                    /usr/lib/x86_64-linux-gnu/libcanberra.so.0.2.5
7fcca64bd000-7fcca64be000 rw-p 00010000 08:02 4725990                    /usr/lib/x86_64-linux-gnu/libcanberra.so.0.2.5
7fcca64be000-7fcca64c2000 r-xp 00000000 08:02 4725986                    /usr/lib/x86_64-linux-gnu/libcanberra-gtk.so.0.1.9
7fcca64c2000-7fcca66c1000 ---p 00004000 08:02 4725986                    /usr/lib/x86_64-linux-gnu/libcanberra-gtk.so.0.1.9
7fcca66c1000-7fcca66c2000 r--p 00003000 08:02 4725986                    /usr/lib/x86_64-linux-gnu/libcanberra-gtk.so.0.1.9
7fcca66c2000-7fcca66c3000 rw-p 00004000 08:02 4725986                    /usr/lib/x86_64-linux-gnu/libcanberra-gtk.so.0.1.9
7fcca66c3000-7fcca66c8000 r-xp 00000000 08:02 5113230                    /usr/lib/x86_64-linux-gnu/gtk-2.0/modules/libcanberra-gtk-module.so
7fcca66c8000-7fcca68c7000 ---p 00005000 08:02 5113230                    /usr/lib/x86_64-linux-gnu/gtk-2.0/modules/libcanberra-gtk-module.so
7fcca68c7000-7fcca68c8000 r--p 00004000 08:02 5113230                    /usr/lib/x86_64-linux-gnu/gtk-2.0/modules/libcanberra-gtk-module.so
7fcca68c8000-7fcca68c9000 rw-p 00005000 08:02 5113230                    /usr/lib/x86_64-linux-gnu/gtk-2.0/modules/libcanberra-gtk-module.so
7fcca68c9000-7fcca68f9000 r-xp 00000000 08:02 5113212                    /usr/lib/x86_64-linux-gnu/gtk-2.0/2.10.0/engines/libmurrine.so
7fcca68f9000-7fcca6af9000 ---p 00030000 08:02 5113212                    /usr/lib/x86_64-linux-gnu/gtk-2.0/2.10.0/engines/libmurrine.so
7fcca6af9000-7fcca6afa000 r--p 00030000 08:02 5113212                    /usr/lib/x86_64-linux-gnu/gtk-2.0/2.10.0/engines/libmurrine.so
7fcca6afa000-7fcca6afb000 rw-p 00031000 08:02 5113212                    /usr/lib/x86_64-linux-gnu/gtk-2.0/2.10.0/engines/libmurrine.so
7fcca6afb000-7fcca6b0b000 r-xp 00000000 08:02 4727048                    /usr/lib/x86_64-linux-gnu/libunity-gtk2-parser.so.0.0.0
7fcca6b0b000-7fcca6d0b000 ---p 00010000 08:02 4727048                    /usr/lib/x86_64-linux-gnu/libunity-gtk2-parser.so.0.0.0
7fcca6d0b000-7fcca6d0c000 r--p 00010000 08:02 4727048                    /usr/lib/x86_64-linux-gnu/libunity-gtk2-parser.so.0.0.0
7fcca6d0c000-7fcca6d0d000 rw-p 00011000 08:02 4727048                    /usr/lib/x86_64-linux-gnu/libunity-gtk2-parser.so.0.0.0
7fcca6d0d000-7fcca6d12000 r-xp 00000000 08:02 5113234                    /usr/lib/x86_64-linux-gnu/gtk-2.0/modules/libunity-gtk-module.so
7fcca6d12000-7fcca6f11000 ---p 00005000 08:02 5113234                    /usr/lib/x86_64-linux-gnu/gtk-2.0/modules/libunity-gtk-module.so
7fcca6f11000-7fcca6f12000 r--p 00004000 08:02 5113234                    /usr/lib/x86_64-linux-gnu/gtk-2.0/modules/libunity-gtk-module.so
7fcca6f12000-7fcca6f13000 rw-p 00005000 08:02 5113234                    /usr/lib/x86_64-linux-gnu/gtk-2.0/modules/libunity-gtk-module.so
7fcca6f13000-7fcca6f24000 r-xp 00000000 08:02 5113233                    /usr/lib/x86_64-linux-gnu/gtk-2.0/modules/liboverlay-scrollbar.so
7fcca6f24000-7fcca7124000 ---p 00011000 08:02 5113233                    /usr/lib/x86_64-linux-gnu/gtk-2.0/modules/liboverlay-scrollbar.so
7fcca7124000-7fcca7125000 r--p 00011000 08:02 5113233                    /usr/lib/x86_64-linux-gnu/gtk-2.0/modules/liboverlay-scrollbar.so
7fcca7125000-7fcca7126000 rw-p 00012000 08:02 5113233                    /usr/lib/x86_64-linux-gnu/gtk-2.0/modules/liboverlay-scrollbar.so
7fcca7126000-7fcca7127000 r-xp 00000000 08:02 4719759                    /usr/lib/x86_64-linux-gnu/libgthread-2.0.so.0.4800.2
7fcca7127000-7fcca7326000 ---p 00001000 08:02 4719759                    /usr/lib/x86_64-linux-gnu/libgthread-2.0.so.0.4800.2
7fcca7326000-7fcca7327000 r--p 00000000 08:02 4719759                    /usr/lib/x86_64-linux-gnu/libgthread-2.0.so.0.4800.2
7fcca7327000-7fcca7328000 rw-p 00001000 08:02 4719759                    /usr/lib/x86_64-linux-gnu/libgthread-2.0.so.0.4800.2
7fcca7328000-7fcca732e000 r-xp 00000000 08:02 4726073                    /usr/lib/x86_64-linux-gnu/libdatrie.so.1.3.3
7fcca732e000-7fcca752e000 ---p 00006000 08:02 4726073                    /usr/lib/x86_64-linux-gnu/libdatrie.so.1.3.3
7fcca752e000-7fcca752f000 r--p 00006000 08:02 4726073                    /usr/lib/x86_64-linux-gnu/libdatrie.so.1.3.3
7fcca752f000-7fcca7530000 rw-p 00007000 08:02 4726073                    /usr/lib/x86_64-linux-gnu/libdatrie.so.1.3.3
7fcca7530000-7fcca7554000 r-xp 00000000 08:02 4720026                    /usr/lib/x86_64-linux-gnu/libgraphite2.so.3.0.1
7fcca7554000-7fcca7753000 ---p 00024000 08:02 4720026                    /usr/lib/x86_64-linux-gnu/libgraphite2.so.3.0.1
7fcca7753000-7fcca7755000 r--p 00023000 08:02 4720026                    /usr/lib/x86_64-linux-gnu/libgraphite2.so.3.0.1
7fcca7755000-7fcca7756000 rw-p 00025000 08:02 4720026                    /usr/lib/x86_64-linux-gnu/libgraphite2.so.3.0.1
7fcca7756000-7fcca777c000 r-xp 00000000 08:02 4461026                    /lib/x86_64-linux-gnu/libexpat.so.1.6.0
7fcca777c000-7fcca797c000 ---p 00026000 08:02 4461026                    /lib/x86_64-linux-gnu/libexpat.so.1.6.0
7fcca797c000-7fcca797e000 r--p 00026000 08:02 4461026                    /lib/x86_64-linux-gnu/libexpat.so.1.6.0
7fcca797e000-7fcca797f000 rw-p 00028000 08:02 4461026                    /lib/x86_64-linux-gnu/libexpat.so.1.6.0
7fcca797f000-7fcca79ed000 r-xp 00000000 08:02 4461182                    /lib/x86_64-linux-gnu/libpcre.so.3.13.2
7fcca79ed000-7fcca7bed000 ---p 0006e000 08:02 4461182                    /lib/x86_64-linux-gnu/libpcre.so.3.13.2
7fcca7bed000-7fcca7bee000 r--p 0006e000 08:02 4461182                    /lib/x86_64-linux-gnu/libpcre.so.3.13.2
7fcca7bee000-7fcca7bef000 rw-p 0006f000 08:02 4461182                    /lib/x86_64-linux-gnu/libpcre.so.3.13.2
7fcca7bef000-7fcca7bf6000 r-xp 00000000 08:02 4726202                    /usr/lib/x86_64-linux-gnu/libffi.so.6.0.4
7fcca7bf6000-7fcca7df5000 ---p 00007000 08:02 4726202                    /usr/lib/x86_64-linux-gnu/libffi.so.6.0.4
7fcca7df5000-7fcca7df6000 r--p 00006000 08:02 4726202                    /usr/lib/x86_64-linux-gnu/libffi.so.6.0.4
7fcca7df6000-7fcca7df7000 rw-p 00007000 08:02 4726202                    /usr/lib/x86_64-linux-gnu/libffi.so.6.0.4
7fcca7df7000-7fcca7dff000 r-xp 00000000 08:02 4726998                    /usr/lib/x86_64-linux-gnu/libthai.so.0.2.4
7fcca7dff000-7fcca7ffe000 ---p 00008000 08:02 4726998                    /usr/lib/x86_64-linux-gnu/libthai.so.0.2.4
7fcca7ffe000-7fcca7fff000 r--p 00007000 08:02 4726998                    /usr/lib/x86_64-linux-gnu/libthai.so.0.2.4
7fcca7fff000-7fcca8000000 rw-p 00008000 08:02 4726998                    /usr/lib/x86_64-linux-gnu/libthai.so.0.2.4
7fcca8000000-7fcca8021000 rw-p 00000000 00:00 0 
7fcca8021000-7fccac000000 ---p 00000000 00:00 0 
7fccac0b8000-7fccac0bb000 ---p 00000000 00:00 0 
7fccac0bb000-7fccac1b9000 rw-p 00000000 00:00 0 
7fccac1b9000-7fccac215000 r-xp 00000000 08:02 4726465                    /usr/lib/x86_64-linux-gnu/libharfbuzz.so.0.10000.1
7fccac215000-7fccac415000 ---p 0005c000 08:02 4726465                    /usr/lib/x86_64-linux-gnu/libharfbuzz.so.0.10000.1
7fccac415000-7fccac416000 r--p 0005c000 08:02 4726465                    /usr/lib/x86_64-linux-gnu/libharfbuzz.so.0.10000.1
7fccac416000-7fccac417000 rw-p 0005d000 08:02 4726465                    /usr/lib/x86_64-linux-gnu/libharfbuzz.so.0.10000.1
7fccac417000-7fccac42e000 r-xp 00000000 08:02 4474176                    /lib/x86_64-linux-gnu/libresolv-2.23.so
7fccac42e000-7fccac62e000 ---p 00017000 08:02 4474176                    /lib/x86_64-linux-gnu/libresolv-2.23.so
7fccac62e000-7fccac62f000 r--p 00017000 08:02 4474176                    /lib/x86_64-linux-gnu/libresolv-2.23.so
7fccac62f000-7fccac630000 rw-p 00018000 08:02 4474176                    /lib/x86_64-linux-gnu/libresolv-2.23.so
7fccac630000-7fccac632000 rw-p 00000000 00:00 0 
7fccac632000-7fccac651000 r-xp 00000000 08:02 4461211                    /lib/x86_64-linux-gnu/libselinux.so.1
7fccac651000-7fccac850000 ---p 0001f000 08:02 4461211                    /lib/x86_64-linux-gnu/libselinux.so.1
7fccac850000-7fccac851000 r--p 0001e000 08:02 4461211                    /lib/x86_64-linux-gnu/libselinux.so.1
7fccac851000-7fccac852000 rw-p 0001f000 08:02 4461211                    /lib/x86_64-linux-gnu/libselinux.so.1
7fccac852000-7fccac854000 rw-p 00000000 00:00 0 
7fccac854000-7fccac86d000 r-xp 00000000 08:02 4461008                    /lib/x86_64-linux-gnu/libz.so.1.2.8
7fccac86d000-7fccaca6c000 ---p 00019000 08:02 4461008                    /lib/x86_64-linux-gnu/libz.so.1.2.8
7fccaca6c000-7fccaca6d000 r--p 00018000 08:02 4461008                    /lib/x86_64-linux-gnu/libz.so.1.2.8
7fccaca6d000-7fccaca6e000 rw-p 00019000 08:02 4461008                    /lib/x86_64-linux-gnu/libz.so.1.2.8
7fccaca6e000-7fccaca76000 r-xp 00000000 08:02 4727212                    /usr/lib/x86_64-linux-gnu/libxcb-render.so.0.0.0
7fccaca76000-7fccacc76000 ---p 00008000 08:02 4727212                    /usr/lib/x86_64-linux-gnu/libxcb-render.so.0.0.0
7fccacc76000-7fccacc77000 r--p 00008000 08:02 4727212                    /usr/lib/x86_64-linux-gnu/libxcb-render.so.0.0.0
7fccacc77000-7fccacc78000 rw-p 00009000 08:02 4727212                    /usr/lib/x86_64-linux-gnu/libxcb-render.so.0.0.0
7fccacc78000-7fccacc7a000 r-xp 00000000 08:02 4727216                    /usr/lib/x86_64-linux-gnu/libxcb-shm.so.0.0.0
7fccacc7a000-7fccace7a000 ---p 00002000 08:02 4727216                    /usr/lib/x86_64-linux-gnu/libxcb-shm.so.0.0.0
7fccace7a000-7fccace7b000 r--p 00002000 08:02 4727216                    /usr/lib/x86_64-linux-gnu/libxcb-shm.so.0.0.0
7fccace7b000-7fccace7c000 rw-p 00003000 08:02 4727216                    /usr/lib/x86_64-linux-gnu/libxcb-shm.so.0.0.0
7fccace7c000-7fccacea0000 r-xp 00000000 08:02 4491210                    /lib/x86_64-linux-gnu/libpng12.so.0.54.0
7fccacea0000-7fccad09f000 ---p 00024000 08:02 4491210                    /lib/x86_64-linux-gnu/libpng12.so.0.54.0
7fccad09f000-7fccad0a0000 r--p 00023000 08:02 4491210                    /lib/x86_64-linux-gnu/libpng12.so.0.54.0
7fccad0a0000-7fccad0a1000 rw-p 00024000 08:02 4491210                    /lib/x86_64-linux-gnu/libpng12.so.0.54.0
7fccad0a1000-7fccad140000 r-xp 00000000 08:02 4726797                    /usr/lib/x86_64-linux-gnu/libpixman-1.so.0.33.6
7fccad140000-7fccad340000 ---p 0009f000 08:02 4726797                    /usr/lib/x86_64-linux-gnu/libpixman-1.so.0.33.6
7fccad340000-7fccad348000 r--p 0009f000 08:02 4726797                    /usr/lib/x86_64-linux-gnu/libpixman-1.so.0.33.6
7fccad348000-7fccad349000 rw-p 000a7000 08:02 4726797                    /usr/lib/x86_64-linux-gnu/libpixman-1.so.0.33.6
7fccad349000-7fccad3ed000 r-xp 00000000 08:02 4719803                    /usr/lib/x86_64-linux-gnu/libfreetype.so.6.12.1
7fccad3ed000-7fccad5ec000 ---p 000a4000 08:02 4719803                    /usr/lib/x86_64-linux-gnu/libfreetype.so.6.12.1
7fccad5ec000-7fccad5f2000 r--p 000a3000 08:02 4719803                    /usr/lib/x86_64-linux-gnu/libfreetype.so.6.12.1
7fccad5f2000-7fccad5f3000 rw-p 000a9000 08:02 4719803                    /usr/lib/x86_64-linux-gnu/libfreetype.so.6.12.1
7fccad5f3000-7fccad5f5000 r-xp 00000000 08:02 4725826                    /usr/lib/x86_64-linux-gnu/libXdamage.so.1.1.0
7fccad5f5000-7fccad7f4000 ---p 00002000 08:02 4725826                    /usr/lib/x86_64-linux-gnu/libXdamage.so.1.1.0
7fccad7f4000-7fccad7f5000 r--p 00001000 08:02 4725826                    /usr/lib/x86_64-linux-gnu/libXdamage.so.1.1.0
7fccad7f5000-7fccad7f6000 rw-p 00002000 08:02 4725826                    /usr/lib/x86_64-linux-gnu/libXdamage.so.1.1.0
7fccad7f6000-7fccad7f8000 r-xp 00000000 08:02 4725822                    /usr/lib/x86_64-linux-gnu/libXcomposite.so.1.0.0
7fccad7f8000-7fccad9f7000 ---p 00002000 08:02 4725822                    /usr/lib/x86_64-linux-gnu/libXcomposite.so.1.0.0
7fccad9f7000-7fccad9f8000 r--p 00001000 08:02 4725822                    /usr/lib/x86_64-linux-gnu/libXcomposite.so.1.0.0
7fccad9f8000-7fccad9f9000 rw-p 00002000 08:02 4725822                    /usr/lib/x86_64-linux-gnu/libXcomposite.so.1.0.0
7fccad9f9000-7fccada03000 r-xp 00000000 08:02 4725848                    /usr/lib/x86_64-linux-gnu/libXrandr.so.2.2.0
7fccada03000-7fccadc02000 ---p 0000a000 08:02 4725848                    /usr/lib/x86_64-linux-gnu/libXrandr.so.2.2.0
7fccadc02000-7fccadc03000 r--p 00009000 08:02 4725848                    /usr/lib/x86_64-linux-gnu/libXrandr.so.2.2.0
7fccadc03000-7fccadc04000 rw-p 0000a000 08:02 4725848                    /usr/lib/x86_64-linux-gnu/libXrandr.so.2.2.0
7fccadc04000-7fccadc06000 r-xp 00000000 08:02 4725840                    /usr/lib/x86_64-linux-gnu/libXinerama.so.1.0.0
7fccadc06000-7fccade05000 ---p 00002000 08:02 4725840                    /usr/lib/x86_64-linux-gnu/libXinerama.so.1.0.0
7fccade05000-7fccade06000 r--p 00001000 08:02 4725840                    /usr/lib/x86_64-linux-gnu/libXinerama.so.1.0.0
7fccade06000-7fccade07000 rw-p 00002000 08:02 4725840                    /usr/lib/x86_64-linux-gnu/libXinerama.so.1.0.0
7fccade07000-7fccade44000 r-xp 00000000 08:02 4726216                    /usr/lib/x86_64-linux-gnu/libfontconfig.so.1.9.0
7fccade44000-7fccae043000 ---p 0003d000 08:02 4726216                    /usr/lib/x86_64-linux-gnu/libfontconfig.so.1.9.0
7fccae043000-7fccae045000 r--p 0003c000 08:02 4726216                    /usr/lib/x86_64-linux-gnu/libfontconfig.so.1.9.0
7fccae045000-7fccae04a000 rw-p 0003e000 08:02 4726216                    /usr/lib/x86_64-linux-gnu/libfontconfig.so.1.9.0
7fccae04a000-7fccae159000 r-xp 00000000 08:02 4456529                    /lib/x86_64-linux-gnu/libglib-2.0.so.0.4800.2
7fccae159000-7fccae358000 ---p 0010f000 08:02 4456529                    /lib/x86_64-linux-gnu/libglib-2.0.so.0.4800.2
7fccae358000-7fccae359000 r--p 0010e000 08:02 4456529                    /lib/x86_64-linux-gnu/libglib-2.0.so.0.4800.2
7fccae359000-7fccae35a000 rw-p 0010f000 08:02 4456529                    /lib/x86_64-linux-gnu/libglib-2.0.so.0.4800.2
7fccae35a000-7fccae35b000 rw-p 00000000 00:00 0 
7fccae35b000-7fccae3ad000 r-xp 00000000 08:02 4719602                    /usr/lib/x86_64-linux-gnu/libgobject-2.0.so.0.4800.2
7fccae3ad000-7fccae5ac000 ---p 00052000 08:02 4719602                    /usr/lib/x86_64-linux-gnu/libgobject-2.0.so.0.4800.2
7fccae5ac000-7fccae5ad000 r--p 00051000 08:02 4719602                    /usr/lib/x86_64-linux-gnu/libgobject-2.0.so.0.4800.2
7fccae5ad000-7fccae5ae000 rw-p 00052000 08:02 4719602                    /usr/lib/x86_64-linux-gnu/libgobject-2.0.so.0.4800.2
7fccae5ae000-7fccae5f7000 r-xp 00000000 08:02 4726767                    /usr/lib/x86_64-linux-gnu/libpango-1.0.so.0.3800.1
7fccae5f7000-7fccae7f7000 ---p 00049000 08:02 4726767                    /usr/lib/x86_64-linux-gnu/libpango-1.0.so.0.3800.1
7fccae7f7000-7fccae7f9000 r--p 00049000 08:02 4726767                    /usr/lib/x86_64-linux-gnu/libpango-1.0.so.0.3800.1
7fccae7f9000-7fccae7fa000 rw-p 0004b000 08:02 4726767                    /usr/lib/x86_64-linux-gnu/libpango-1.0.so.0.3800.1
7fccae7fa000-7fccae80e000 r-xp 00000000 08:02 4726771                    /usr/lib/x86_64-linux-gnu/libpangoft2-1.0.so.0.3800.1
7fccae80e000-7fccaea0e000 ---p 00014000 08:02 4726771                    /usr/lib/x86_64-linux-gnu/libpangoft2-1.0.so.0.3800.1
7fccaea0e000-7fccaea0f000 r--p 00014000 08:02 4726771                    /usr/lib/x86_64-linux-gnu/libpangoft2-1.0.so.0.3800.1
7fccaea0f000-7fccaea10000 rw-p 00015000 08:02 4726771                    /usr/lib/x86_64-linux-gnu/libpangoft2-1.0.so.0.3800.1
7fccaea10000-7fccaeb90000 r-xp 00000000 08:02 4719624                    /usr/lib/x86_64-linux-gnu/libgio-2.0.so.0.4800.2
7fccaeb90000-7fccaed90000 ---p 00180000 08:02 4719624                    /usr/lib/x86_64-linux-gnu/libgio-2.0.so.0.4800.2
7fccaed90000-7fccaed94000 r--p 00180000 08:02 4719624                    /usr/lib/x86_64-linux-gnu/libgio-2.0.so.0.4800.2
7fccaed94000-7fccaed96000 rw-p 00184000 08:02 4719624                    /usr/lib/x86_64-linux-gnu/libgio-2.0.so.0.4800.2
7fccaed96000-7fccaed98000 rw-p 00000000 00:00 0 
7fccaed98000-7fccaedb9000 r-xp 00000000 08:02 4719629                    /usr/lib/x86_64-linux-gnu/libgdk_pixbuf-2.0.so.0.3200.2
7fccaedb9000-7fccaefb8000 ---p 00021000 08:02 4719629                    /usr/lib/x86_64-linux-gnu/libgdk_pixbuf-2.0.so.0.3200.2
7fccaefb8000-7fccaefb9000 r--p 00020000 08:02 4719629                    /usr/lib/x86_64-linux-gnu/libgdk_pixbuf-2.0.so.0.3200.2
7fccaefb9000-7fccaefba000 rw-p 00021000 08:02 4719629                    /usr/lib/x86_64-linux-gnu/libgdk_pixbuf-2.0.so.0.3200.2
7fccaefba000-7fccaf0c8000 r-xp 00000000 08:02 4725978                    /usr/lib/x86_64-linux-gnu/libcairo.so.2.11400.6
7fccaf0c8000-7fccaf2c8000 ---p 0010e000 08:02 4725978                    /usr/lib/x86_64-linux-gnu/libcairo.so.2.11400.6
7fccaf2c8000-7fccaf2cb000 r--p 0010e000 08:02 4725978                    /usr/lib/x86_64-linux-gnu/libcairo.so.2.11400.6
7fccaf2cb000-7fccaf2cc000 rw-p 00111000 08:02 4725978                    /usr/lib/x86_64-linux-gnu/libcairo.so.2.11400.6
7fccaf2cc000-7fccaf2ce000 rw-p 00000000 00:00 0 
7fccaf2ce000-7fccaf2f0000 r-xp 00000000 08:02 4725921                    /usr/lib/x86_64-linux-gnu/libatk-1.0.so.0.21809.1
7fccaf2f0000-7fccaf4ef000 ---p 00022000 08:02 4725921                    /usr/lib/x86_64-linux-gnu/libatk-1.0.so.0.21809.1
7fccaf4ef000-7fccaf4f2000 r--p 00021000 08:02 4725921                    /usr/lib/x86_64-linux-gnu/libatk-1.0.so.0.21809.1
7fccaf4f2000-7fccaf4f3000 rw-p 00024000 08:02 4725921                    /usr/lib/x86_64-linux-gnu/libatk-1.0.so.0.21809.1
7fccaf4f3000-7fccaf4ff000 r-xp 00000000 08:02 4726769                    /usr/lib/x86_64-linux-gnu/libpangocairo-1.0.so.0.3800.1
7fccaf4ff000-7fccaf6fe000 ---p 0000c000 08:02 4726769                    /usr/lib/x86_64-linux-gnu/libpangocairo-1.0.so.0.3800.1
7fccaf6fe000-7fccaf6ff000 r--p 0000b000 08:02 4726769                    /usr/lib/x86_64-linux-gnu/libpangocairo-1.0.so.0.3800.1
7fccaf6ff000-7fccaf700000 rw-p 0000c000 08:02 4726769                    /usr/lib/x86_64-linux-gnu/libpangocairo-1.0.so.0.3800.1
7fccaf700000-7fccaf7b0000 r-xp 00000000 08:02 4724637                    /usr/lib/x86_64-linux-gnu/libgdk-x11-2.0.so.0.2400.30
7fccaf7b0000-7fccaf9af000 ---p 000b0000 08:02 4724637                    /usr/lib/x86_64-linux-gnu/libgdk-x11-2.0.so.0.2400.30
7fccaf9af000-7fccaf9b3000 r--p 000af000 08:02 4724637                    /usr/lib/x86_64-linux-gnu/libgdk-x11-2.0.so.0.2400.30
7fccaf9b3000-7fccaf9b5000 rw-p 000b3000 08:02 4724637                    /usr/lib/x86_64-linux-gnu/libgdk-x11-2.0.so.0.2400.30
7fccaf9b5000-7fccafdf3000 r-xp 00000000 08:02 4724639                    /usr/lib/x86_64-linux-gnu/libgtk-x11-2.0.so.0.2400.30
7fccafdf3000-7fccafff2000 ---p 0043e000 08:02 4724639                    /usr/lib/x86_64-linux-gnu/libgtk-x11-2.0.so.0.2400.30
7fccafff2000-7fccafff9000 r--p 0043d000 08:02 4724639                    /usr/lib/x86_64-linux-gnu/libgtk-x11-2.0.so.0.2400.30
7fccafff9000-7fccafffd000 rw-p 00444000 08:02 4724639                    /usr/lib/x86_64-linux-gnu/libgtk-x11-2.0.so.0.2400.30
7fccafffd000-7fccb0000000 rw-p 00000000 00:00 0 
7fccb0000000-7fccb0021000 rw-p 00000000 00:00 0 
7fccb0021000-7fccb4000000 ---p 00000000 00:00 0 
7fccb4000000-7fccb4021000 rw-p 00000000 00:00 0 
7fccb4021000-7fccb8000000 ---p 00000000 00:00 0 
7fccb8000000-7fccb8026000 rw-p 00000000 00:00 0 
7fccb8026000-7fccbc000000 ---p 00000000 00:00 0 
7fccbc000000-7fccbc021000 rw-p 00000000 00:00 0 
7fccbc021000-7fccc0000000 ---p 00000000 00:00 0 
7fccc0000000-7fccc0021000 rw-p 00000000 00:00 0 
7fccc0021000-7fccc4000000 ---p 00000000 00:00 0 
7fccc4000000-7fccc4021000 rw-p 00000000 00:00 0 
7fccc4021000-7fccc8000000 ---p 00000000 00:00 0 
7fccc8000000-7fccc8021000 rw-p 00000000 00:00 0 
7fccc8021000-7fcccc000000 ---p 00000000 00:00 0 
7fcccc000000-7fcccc021000 rw-p 00000000 00:00 0 
7fcccc021000-7fccd0000000 ---p 00000000 00:00 0 
7fccd0000000-7fccd00c2000 rw-p 00000000 00:00 0 
7fccd00c2000-7fccd4000000 ---p 00000000 00:00 0 
7fccd4000000-7fccd4228000 rw-p 00000000 00:00 0 
7fccd4228000-7fccd8000000 ---p 00000000 00:00 0 
7fccd8000000-7fccd8021000 rw-p 00000000 00:00 0 
7fccd8021000-7fccdc000000 ---p 00000000 00:00 0 
7fccdc000000-7fccdc0c0000 rw-p 00000000 00:00 0 
7fccdc0c0000-7fcce0000000 ---p 00000000 00:00 0 
7fcce0000000-7fcce0021000 rw-p 00000000 00:00 0 
7fcce0021000-7fcce4000000 ---p 00000000 00:00 0 
7fcce4000000-7fcce4021000 rw-p 00000000 00:00 0 
7fcce4021000-7fcce8000000 ---p 00000000 00:00 0 
7fcce8000000-7fcce8021000 rw-p 00000000 00:00 0 
7fcce8021000-7fccec000000 ---p 00000000 00:00 0 
7fccec000000-7fccec021000 rw-p 00000000 00:00 0 
7fccec021000-7fccf0000000 ---p 00000000 00:00 0 
7fccf0000000-7fccf0021000 rw-p 00000000 00:00 0 
7fccf0021000-7fccf4000000 ---p 00000000 00:00 0 
7fccf406d000-7fccf4070000 r-xp 00000000 08:02 4719419                    /usr/lib/x86_64-linux-gnu/libgmodule-2.0.so.0.4800.2
7fccf4070000-7fccf426f000 ---p 00003000 08:02 4719419                    /usr/lib/x86_64-linux-gnu/libgmodule-2.0.so.0.4800.2
7fccf426f000-7fccf4270000 r--p 00002000 08:02 4719419                    /usr/lib/x86_64-linux-gnu/libgmodule-2.0.so.0.4800.2
7fccf4270000-7fccf4271000 rw-p 00003000 08:02 4719419                    /usr/lib/x86_64-linux-gnu/libgmodule-2.0.so.0.4800.2
7fccf4271000-7fccf4274000 ---p 00000000 00:00 0 
7fccf4274000-7fccf4372000 rw-p 00000000 00:00 0 
7fccf4372000-7fccf4375000 ---p 00000000 00:00 0 
7fccf4375000-7fccf4673000 rw-p 00000000 00:00 0 
7fccf4673000-7fccf4676000 ---p 00000000 00:00 0 
7fccf4676000-7fccf4774000 rw-p 00000000 00:00 0 
7fccf4774000-7fccf4777000 ---p 00000000 00:00 0 
7fccf4777000-7fccf4875000 rw-p 00000000 00:00 0 
7fccf4875000-7fccf4878000 ---p 00000000 00:00 0 
7fccf4878000-7fccf4976000 rw-p 00000000 00:00 0 
7fccf4976000-7fccf497b000 r-xp 00000000 08:02 4725832                    /usr/lib/x86_64-linux-gnu/libXfixes.so.3.1.0
7fccf497b000-7fccf4b7a000 ---p 00005000 08:02 4725832                    /usr/lib/x86_64-linux-gnu/libXfixes.so.3.1.0
7fccf4b7a000-7fccf4b7b000 r--p 00004000 08:02 4725832                    /usr/lib/x86_64-linux-gnu/libXfixes.so.3.1.0
7fccf4b7b000-7fccf4b7c000 rw-p 00005000 08:02 4725832                    /usr/lib/x86_64-linux-gnu/libXfixes.so.3.1.0
7fccf4b7c000-7fccf4b85000 r-xp 00000000 08:02 4720097                    /usr/lib/x86_64-linux-gnu/libXcursor.so.1.0.2
7fccf4b85000-7fccf4d84000 ---p 00009000 08:02 4720097                    /usr/lib/x86_64-linux-gnu/libXcursor.so.1.0.2
7fccf4d84000-7fccf4d85000 r--p 00008000 08:02 4720097                    /usr/lib/x86_64-linux-gnu/libXcursor.so.1.0.2
7fccf4d85000-7fccf4d86000 rw-p 00009000 08:02 4720097                    /usr/lib/x86_64-linux-gnu/libXcursor.so.1.0.2
7fccf4d86000-7fccf4deb000 r-xp 00000000 08:02 5708                       /usr/lib/jvm/java-8-oracle/jre/lib/amd64/libfontmanager.so
7fccf4deb000-7fccf4fea000 ---p 00065000 08:02 5708                       /usr/lib/jvm/java-8-oracle/jre/lib/amd64/libfontmanager.so
7fccf4fea000-7fccf4fef000 rw-p 00064000 08:02 5708                       /usr/lib/jvm/java-8-oracle/jre/lib/amd64/libfontmanager.so
7fccf4fef000-7fccf8000000 rw-p 00000000 00:00 0 
7fccf8000000-7fccf8021000 rw-p 00000000 00:00 0 
7fccf8021000-7fccfc000000 ---p 00000000 00:00 0 
7fccfc058000-7fccfc06e000 r-xp 00000000 08:02 4461091                    /lib/x86_64-linux-gnu/libgcc_s.so.1
7fccfc06e000-7fccfc26d000 ---p 00016000 08:02 4461091                    /lib/x86_64-linux-gnu/libgcc_s.so.1
7fccfc26d000-7fccfc26e000 rw-p 00015000 08:02 4461091                    /lib/x86_64-linux-gnu/libgcc_s.so.1
7fccfc26e000-7fccfc273000 r-xp 00000000 08:02 4725828                    /usr/lib/x86_64-linux-gnu/libXdmcp.so.6.0.0
7fccfc273000-7fccfc472000 ---p 00005000 08:02 4725828                    /usr/lib/x86_64-linux-gnu/libXdmcp.so.6.0.0
7fccfc472000-7fccfc473000 r--p 00004000 08:02 4725828                    /usr/lib/x86_64-linux-gnu/libXdmcp.so.6.0.0
7fccfc473000-7fccfc474000 rw-p 00005000 08:02 4725828                    /usr/lib/x86_64-linux-gnu/libXdmcp.so.6.0.0
7fccfc474000-7fccfc476000 r-xp 00000000 08:02 4725817                    /usr/lib/x86_64-linux-gnu/libXau.so.6.0.0
7fccfc476000-7fccfc676000 ---p 00002000 08:02 4725817                    /usr/lib/x86_64-linux-gnu/libXau.so.6.0.0
7fccfc676000-7fccfc677000 r--p 00002000 08:02 4725817                    /usr/lib/x86_64-linux-gnu/libXau.so.6.0.0
7fccfc677000-7fccfc678000 rw-p 00003000 08:02 4725817                    /usr/lib/x86_64-linux-gnu/libXau.so.6.0.0
7fccfc678000-7fccfc699000 r-xp 00000000 08:02 4727226                    /usr/lib/x86_64-linux-gnu/libxcb.so.1.1.0
7fccfc699000-7fccfc898000 ---p 00021000 08:02 4727226                    /usr/lib/x86_64-linux-gnu/libxcb.so.1.1.0
7fccfc898000-7fccfc899000 r--p 00020000 08:02 4727226                    /usr/lib/x86_64-linux-gnu/libxcb.so.1.1.0
7fccfc899000-7fccfc89a000 rw-p 00021000 08:02 4727226                    /usr/lib/x86_64-linux-gnu/libxcb.so.1.1.0
7fccfc89a000-7fccfc8a9000 r-xp 00000000 08:02 4725838                    /usr/lib/x86_64-linux-gnu/libXi.so.6.1.0
7fccfc8a9000-7fccfcaa8000 ---p 0000f000 08:02 4725838                    /usr/lib/x86_64-linux-gnu/libXi.so.6.1.0
7fccfcaa8000-7fccfcaa9000 r--p 0000e000 08:02 4725838                    /usr/lib/x86_64-linux-gnu/libXi.so.6.1.0
7fccfcaa9000-7fccfcaaa000 rw-p 0000f000 08:02 4725838                    /usr/lib/x86_64-linux-gnu/libXi.so.6.1.0
7fccfcaaa000-7fccfcaaf000 r-xp 00000000 08:02 4725856                    /usr/lib/x86_64-linux-gnu/libXtst.so.6.1.0
7fccfcaaf000-7fccfccae000 ---p 00005000 08:02 4725856                    /usr/lib/x86_64-linux-gnu/libXtst.so.6.1.0
7fccfccae000-7fccfccaf000 r--p 00004000 08:02 4725856                    /usr/lib/x86_64-linux-gnu/libXtst.so.6.1.0
7fccfccaf000-7fccfccb0000 rw-p 00005000 08:02 4725856                    /usr/lib/x86_64-linux-gnu/libXtst.so.6.1.0
7fccfccb0000-7fccfccb9000 r-xp 00000000 08:02 4725850                    /usr/lib/x86_64-linux-gnu/libXrender.so.1.3.0
7fccfccb9000-7fccfceb8000 ---p 00009000 08:02 4725850                    /usr/lib/x86_64-linux-gnu/libXrender.so.1.3.0
7fccfceb8000-7fccfceb9000 r--p 00008000 08:02 4725850                    /usr/lib/x86_64-linux-gnu/libXrender.so.1.3.0
7fccfceb9000-7fccfceba000 rw-p 00009000 08:02 4725850                    /usr/lib/x86_64-linux-gnu/libXrender.so.1.3.0
7fccfceba000-7fccfcfef000 r-xp 00000000 08:02 4730268                    /usr/lib/x86_64-linux-gnu/libX11.so.6.3.0
7fccfcfef000-7fccfd1ef000 ---p 00135000 08:02 4730268                    /usr/lib/x86_64-linux-gnu/libX11.so.6.3.0
7fccfd1ef000-7fccfd1f0000 r--p 00135000 08:02 4730268                    /usr/lib/x86_64-linux-gnu/libX11.so.6.3.0
7fccfd1f0000-7fccfd1f4000 rw-p 00136000 08:02 4730268                    /usr/lib/x86_64-linux-gnu/libX11.so.6.3.0
7fccfd1f4000-7fccfd205000 r-xp 00000000 08:02 4725830                    /usr/lib/x86_64-linux-gnu/libXext.so.6.4.0
7fccfd205000-7fccfd404000 ---p 00011000 08:02 4725830                    /usr/lib/x86_64-linux-gnu/libXext.so.6.4.0
7fccfd404000-7fccfd405000 r--p 00010000 08:02 4725830                    /usr/lib/x86_64-linux-gnu/libXext.so.6.4.0
7fccfd405000-7fccfd406000 rw-p 00011000 08:02 4725830                    /usr/lib/x86_64-linux-gnu/libXext.so.6.4.0
7fccfd406000-7fccfd45a000 r-xp 00000000 08:02 5735                       /usr/lib/jvm/java-8-oracle/jre/lib/amd64/libawt_xawt.so
7fccfd45a000-7fccfd65a000 ---p 00054000 08:02 5735                       /usr/lib/jvm/java-8-oracle/jre/lib/amd64/libawt_xawt.so
7fccfd65a000-7fccfd65e000 rw-p 00054000 08:02 5735                       /usr/lib/jvm/java-8-oracle/jre/lib/amd64/libawt_xawt.so
7fccfd65e000-7fccfd65f000 rw-p 00000000 00:00 0 
7fccfd65f000-7fccfd701000 r-xp 00000000 08:02 5721                       /usr/lib/jvm/java-8-oracle/jre/lib/amd64/libawt.so
7fccfd701000-7fccfd901000 ---p 000a2000 08:02 5721                       /usr/lib/jvm/java-8-oracle/jre/lib/amd64/libawt.so
7fccfd901000-7fccfd90d000 rw-p 000a2000 08:02 5721                       /usr/lib/jvm/java-8-oracle/jre/lib/amd64/libawt.so
7fccfd90d000-7fccfd931000 rw-p 00000000 00:00 0 
7fccfd931000-7fccfd934000 ---p 00000000 00:00 0 
7fccfd934000-7fccfda32000 rw-p 00000000 00:00 0 
7fccfda32000-7fccfda35000 ---p 00000000 00:00 0 
7fccfda35000-7fccfdb33000 rw-p 00000000 00:00 0 
7fccfdb33000-7fccfdb49000 r-xp 00000000 08:02 5728                       /usr/lib/jvm/java-8-oracle/jre/lib/amd64/libnet.so
7fccfdb49000-7fccfdd49000 ---p 00016000 08:02 5728                       /usr/lib/jvm/java-8-oracle/jre/lib/amd64/libnet.so
7fccfdd49000-7fccfdd4a000 rw-p 00016000 08:02 5728                       /usr/lib/jvm/java-8-oracle/jre/lib/amd64/libnet.so
7fccfdd4a000-7fccfdd4b000 ---p 00000000 00:00 0 
7fccfdd4b000-7fccfde4b000 rw-p 00000000 00:00 0 
7fccfde4b000-7fccfde4e000 ---p 00000000 00:00 0 
7fccfde4e000-7fccfdf4c000 rw-p 00000000 00:00 0 
7fccfdf4c000-7fccfdf4f000 ---p 00000000 00:00 0 
7fccfdf4f000-7fccfe04d000 rw-p 00000000 00:00 0 
7fccfe04d000-7fccfe050000 ---p 00000000 00:00 0 
7fccfe050000-7fccfe14e000 rw-p 00000000 00:00 0 
7fccfe14e000-7fccfe151000 ---p 00000000 00:00 0 
7fccfe151000-7fccfe24f000 rw-p 00000000 00:00 0 
7fccfe24f000-7fccfe252000 ---p 00000000 00:00 0 
7fccfe252000-7fcd00000000 rw-p 00000000 00:00 0 
7fcd00000000-7fcd00021000 rw-p 00000000 00:00 0 
7fcd00021000-7fcd04000000 ---p 00000000 00:00 0 
7fcd040a5000-7fcd040eb000 r--p 00000000 08:02 5767734                    /usr/share/glib-2.0/schemas/gschemas.compiled
7fcd040eb000-7fcd044f5000 r--p 00000000 08:02 4721158                    /usr/lib/locale/locale-archive
7fcd044f5000-7fcd044f8000 ---p 00000000 00:00 0 
7fcd044f8000-7fcd045f6000 rw-p 00000000 00:00 0 
7fcd045f6000-7fcd045f9000 ---p 00000000 00:00 0 
7fcd045f9000-7fcd046f7000 rw-p 00000000 00:00 0 
7fcd046f7000-7fcd046f8000 ---p 00000000 00:00 0 
7fcd046f8000-7fcd05000000 rw-p 00000000 00:00 0 
7fcd05000000-7fcd05290000 rwxp 00000000 00:00 0 
7fcd05290000-7fcd14000000 ---p 00000000 00:00 0 
7fcd14000000-7fcd144e4000 rw-p 00000000 00:00 0 
7fcd144e4000-7fcd18000000 ---p 00000000 00:00 0 
7fcd18022000-7fcd18043000 r--s 00000000 08:02 5249950                    /usr/share/mime/mime.cache
7fcd18043000-7fcd18064000 r--p 00000000 08:02 5775128                    /usr/share/locale-langpack/ru/LC_MESSAGES/glib20.mo
7fcd18064000-7fcd1809a000 r--p 00000000 08:02 5775174                    /usr/share/locale-langpack/ru/LC_MESSAGES/gtk20-properties.mo
7fcd1809a000-7fcd180ab000 r--p 00000000 08:02 5775175                    /usr/share/locale-langpack/ru/LC_MESSAGES/gtk20.mo
7fcd180ab000-7fcd180c7000 r--s 00393000 08:02 5575                       /usr/lib/jvm/java-8-oracle/jre/lib/ext/cldrdata.jar
7fcd180c7000-7fcd180f6000 r--p 00000000 08:02 5775232                    /usr/share/locale-langpack/ru/LC_MESSAGES/libc.mo
7fcd180f6000-7fcd187fd000 rw-p 00000000 00:00 0 
7fcd187fd000-7fcd189d7000 r--s 03d6b000 08:02 7227466                    /usr/lib/jvm/java-8-oracle/jre/lib/rt.jar
7fcd189d7000-7fcd19418000 rw-p 00000000 00:00 0 
7fcd19418000-7fcd19419000 ---p 00000000 00:00 0 
7fcd19419000-7fcd19519000 rw-p 00000000 00:00 0 
7fcd19519000-7fcd1951a000 ---p 00000000 00:00 0 
7fcd1951a000-7fcd1961a000 rw-p 00000000 00:00 0 
7fcd1961a000-7fcd1961b000 ---p 00000000 00:00 0 
7fcd1961b000-7fcd1971b000 rw-p 00000000 00:00 0 
7fcd1971b000-7fcd1971c000 ---p 00000000 00:00 0 
7fcd1971c000-7fcd19830000 rw-p 00000000 00:00 0 
7fcd19830000-7fcd1994e000 ---p 00000000 00:00 0 
7fcd1994e000-7fcd19962000 rw-p 00000000 00:00 0 
7fcd19962000-7fcd19a80000 ---p 00000000 00:00 0 
7fcd19a80000-7fcd19a91000 rw-p 00000000 00:00 0 
7fcd19a91000-7fcd19b19000 ---p 00000000 00:00 0 
7fcd19b19000-7fcd19b25000 rw-p 00000000 00:00 0 
7fcd19b25000-7fcd19eda000 ---p 00000000 00:00 0 
7fcd19eda000-7fcd19ef5000 r-xp 00000000 08:02 5724                       /usr/lib/jvm/java-8-oracle/jre/lib/amd64/libzip.so
7fcd19ef5000-7fcd1a0f5000 ---p 0001b000 08:02 5724                       /usr/lib/jvm/java-8-oracle/jre/lib/amd64/libzip.so
7fcd1a0f5000-7fcd1a0f6000 rw-p 0001b000 08:02 5724                       /usr/lib/jvm/java-8-oracle/jre/lib/amd64/libzip.so
7fcd1a0f6000-7fcd1a101000 r-xp 00000000 08:02 4474185                    /lib/x86_64-linux-gnu/libnss_files-2.23.so
7fcd1a101000-7fcd1a300000 ---p 0000b000 08:02 4474185                    /lib/x86_64-linux-gnu/libnss_files-2.23.so
7fcd1a300000-7fcd1a301000 r--p 0000a000 08:02 4474185                    /lib/x86_64-linux-gnu/libnss_files-2.23.so
7fcd1a301000-7fcd1a302000 rw-p 0000b000 08:02 4474185                    /lib/x86_64-linux-gnu/libnss_files-2.23.so
7fcd1a302000-7fcd1a308000 rw-p 00000000 00:00 0 
7fcd1a308000-7fcd1a313000 r-xp 00000000 08:02 4474189                    /lib/x86_64-linux-gnu/libnss_nis-2.23.so
7fcd1a313000-7fcd1a512000 ---p 0000b000 08:02 4474189                    /lib/x86_64-linux-gnu/libnss_nis-2.23.so
7fcd1a512000-7fcd1a513000 r--p 0000a000 08:02 4474189                    /lib/x86_64-linux-gnu/libnss_nis-2.23.so
7fcd1a513000-7fcd1a514000 rw-p 0000b000 08:02 4474189                    /lib/x86_64-linux-gnu/libnss_nis-2.23.so
7fcd1a514000-7fcd1a52a000 r-xp 00000000 08:02 4474169                    /lib/x86_64-linux-gnu/libnsl-2.23.so
7fcd1a52a000-7fcd1a729000 ---p 00016000 08:02 4474169                    /lib/x86_64-linux-gnu/libnsl-2.23.so
7fcd1a729000-7fcd1a72a000 r--p 00015000 08:02 4474169                    /lib/x86_64-linux-gnu/libnsl-2.23.so
7fcd1a72a000-7fcd1a72b000 rw-p 00016000 08:02 4474169                    /lib/x86_64-linux-gnu/libnsl-2.23.so
7fcd1a72b000-7fcd1a72d000 rw-p 00000000 00:00 0 
7fcd1a72d000-7fcd1a735000 r-xp 00000000 08:02 4474180                    /lib/x86_64-linux-gnu/libnss_compat-2.23.so
7fcd1a735000-7fcd1a934000 ---p 00008000 08:02 4474180                    /lib/x86_64-linux-gnu/libnss_compat-2.23.so
7fcd1a934000-7fcd1a935000 r--p 00007000 08:02 4474180                    /lib/x86_64-linux-gnu/libnss_compat-2.23.so
7fcd1a935000-7fcd1a936000 rw-p 00008000 08:02 4474180                    /lib/x86_64-linux-gnu/libnss_compat-2.23.so
7fcd1a936000-7fcd1a961000 r-xp 00000000 08:02 5718                       /usr/lib/jvm/java-8-oracle/jre/lib/amd64/libjava.so
7fcd1a961000-7fcd1ab60000 ---p 0002b000 08:02 5718                       /usr/lib/jvm/java-8-oracle/jre/lib/amd64/libjava.so
7fcd1ab60000-7fcd1ab62000 rw-p 0002a000 08:02 5718                       /usr/lib/jvm/java-8-oracle/jre/lib/amd64/libjava.so
7fcd1ab62000-7fcd1ab6f000 r-xp 00000000 08:02 5723                       /usr/lib/jvm/java-8-oracle/jre/lib/amd64/libverify.so
7fcd1ab6f000-7fcd1ad6f000 ---p 0000d000 08:02 5723                       /usr/lib/jvm/java-8-oracle/jre/lib/amd64/libverify.so
7fcd1ad6f000-7fcd1ad71000 rw-p 0000d000 08:02 5723                       /usr/lib/jvm/java-8-oracle/jre/lib/amd64/libverify.so
7fcd1ad71000-7fcd1ad78000 r-xp 00000000 08:02 4474190                    /lib/x86_64-linux-gnu/librt-2.23.so
7fcd1ad78000-7fcd1af77000 ---p 00007000 08:02 4474190                    /lib/x86_64-linux-gnu/librt-2.23.so
7fcd1af77000-7fcd1af78000 r--p 00006000 08:02 4474190                    /lib/x86_64-linux-gnu/librt-2.23.so
7fcd1af78000-7fcd1af79000 rw-p 00007000 08:02 4474190                    /lib/x86_64-linux-gnu/librt-2.23.so
7fcd1af79000-7fcd1b081000 r-xp 00000000 08:02 4474166                    /lib/x86_64-linux-gnu/libm-2.23.so
7fcd1b081000-7fcd1b280000 ---p 00108000 08:02 4474166                    /lib/x86_64-linux-gnu/libm-2.23.so
7fcd1b280000-7fcd1b281000 r--p 00107000 08:02 4474166                    /lib/x86_64-linux-gnu/libm-2.23.so
7fcd1b281000-7fcd1b282000 rw-p 00108000 08:02 4474166                    /lib/x86_64-linux-gnu/libm-2.23.so
7fcd1b282000-7fcd1bf5e000 r-xp 00000000 08:02 5700                       /usr/lib/jvm/java-8-oracle/jre/lib/amd64/server/libjvm.so
7fcd1bf5e000-7fcd1c15e000 ---p 00cdc000 08:02 5700                       /usr/lib/jvm/java-8-oracle/jre/lib/amd64/server/libjvm.so
7fcd1c15e000-7fcd1c238000 rw-p 00cdc000 08:02 5700                       /usr/lib/jvm/java-8-oracle/jre/lib/amd64/server/libjvm.so
7fcd1c238000-7fcd1c283000 rw-p 00000000 00:00 0 
7fcd1c283000-7fcd1c443000 r-xp 00000000 08:02 4474172                    /lib/x86_64-linux-gnu/libc-2.23.so
7fcd1c443000-7fcd1c643000 ---p 001c0000 08:02 4474172                    /lib/x86_64-linux-gnu/libc-2.23.so
7fcd1c643000-7fcd1c647000 r--p 001c0000 08:02 4474172                    /lib/x86_64-linux-gnu/libc-2.23.so
7fcd1c647000-7fcd1c649000 rw-p 001c4000 08:02 4474172                    /lib/x86_64-linux-gnu/libc-2.23.so
7fcd1c649000-7fcd1c64d000 rw-p 00000000 00:00 0 
7fcd1c64d000-7fcd1c650000 r-xp 00000000 08:02 4474174                    /lib/x86_64-linux-gnu/libdl-2.23.so
7fcd1c650000-7fcd1c84f000 ---p 00003000 08:02 4474174                    /lib/x86_64-linux-gnu/libdl-2.23.so
7fcd1c84f000-7fcd1c850000 r--p 00002000 08:02 4474174                    /lib/x86_64-linux-gnu/libdl-2.23.so
7fcd1c850000-7fcd1c851000 rw-p 00003000 08:02 4474174                    /lib/x86_64-linux-gnu/libdl-2.23.so
7fcd1c851000-7fcd1c867000 r-xp 00000000 08:02 6965748                    /usr/lib/jvm/java-8-oracle/lib/amd64/jli/libjli.so
7fcd1c867000-7fcd1ca66000 ---p 00016000 08:02 6965748                    /usr/lib/jvm/java-8-oracle/lib/amd64/jli/libjli.so
7fcd1ca66000-7fcd1ca67000 rw-p 00015000 08:02 6965748                    /usr/lib/jvm/java-8-oracle/lib/amd64/jli/libjli.so
7fcd1ca67000-7fcd1ca7f000 r-xp 00000000 08:02 4474171                    /lib/x86_64-linux-gnu/libpthread-2.23.so
7fcd1ca7f000-7fcd1cc7e000 ---p 00018000 08:02 4474171                    /lib/x86_64-linux-gnu/libpthread-2.23.so
7fcd1cc7e000-7fcd1cc7f000 r--p 00017000 08:02 4474171                    /lib/x86_64-linux-gnu/libpthread-2.23.so
7fcd1cc7f000-7fcd1cc80000 rw-p 00018000 08:02 4474171                    /lib/x86_64-linux-gnu/libpthread-2.23.so
7fcd1cc80000-7fcd1cc84000 rw-p 00000000 00:00 0 
7fcd1cc84000-7fcd1ccaa000 r-xp 00000000 08:02 4474170                    /lib/x86_64-linux-gnu/ld-2.23.so
7fcd1ccab000-7fcd1ccb0000 r--s 0009d000 08:02 7227474                    /usr/lib/jvm/java-8-oracle/jre/lib/jsse.jar
7fcd1ccb0000-7fcd1ccb7000 r--p 00000000 08:02 7350718                    /home/sergey/.config/dconf/user
7fcd1ccb7000-7fcd1ccc1000 r--s 00116000 08:02 5582                       /usr/lib/jvm/java-8-oracle/jre/lib/ext/localedata.jar
7fcd1ccc1000-7fcd1ccc8000 r--s 00000000 08:02 5126385                    /usr/lib/x86_64-linux-gnu/gconv/gconv-modules.cache
7fcd1ccc8000-7fcd1cccd000 r--s 002f9000 08:02 7227464                    /usr/lib/jvm/java-8-oracle/jre/lib/charsets.jar
7fcd1cccd000-7fcd1cd89000 rw-p 00000000 00:00 0 
7fcd1cd89000-7fcd1cd8c000 ---p 00000000 00:00 0 
7fcd1cd8c000-7fcd1ce8f000 rw-p 00000000 00:00 0 
7fcd1ce8f000-7fcd1ce90000 r--s 00000000 00:2f 37                         /run/user/1000/dconf/user
7fcd1ce90000-7fcd1ce9f000 r--s 001ae000 08:02 7343550                    /home/sergey/IdeaProjects/JavaEETest/web/WEB-INF/lib/h2-1.4.196.jar
7fcd1ce9f000-7fcd1cea7000 rw-s 00000000 08:02 1075999                    /tmp/hsperfdata_sergey/20908
7fcd1cea7000-7fcd1cea8000 rw-p 00000000 00:00 0 
7fcd1cea8000-7fcd1cea9000 r--p 00000000 00:00 0 
7fcd1cea9000-7fcd1ceaa000 r--p 00025000 08:02 4474170                    /lib/x86_64-linux-gnu/ld-2.23.so
7fcd1ceaa000-7fcd1ceab000 rw-p 00026000 08:02 4474170                    /lib/x86_64-linux-gnu/ld-2.23.so
7fcd1ceab000-7fcd1ceac000 rw-p 00000000 00:00 0 
7ffd9d109000-7ffd9d12a000 rw-p 00000000 00:00 0                          [stack]
7ffd9d15e000-7ffd9d161000 r--p 00000000 00:00 0                          [vvar]
7ffd9d161000-7ffd9d163000 r-xp 00000000 00:00 0                          [vdso]
ffffffffff600000-ffffffffff601000 r-xp 00000000 00:00 0                  [vsyscall]

VM Arguments:
jvm_args: -Dfile.encoding=UTF-8 
java_command: /home/sergey/IdeaProjects/JavaEETest/web/WEB-INF/lib/h2-1.4.196.jar
java_class_path (initial): /home/sergey/IdeaProjects/JavaEETest/web/WEB-INF/lib/h2-1.4.196.jar
Launcher Type: SUN_STANDARD

Environment Variables:
JAVA_HOME=/usr/lib/jvm/java-8-oracle
PATH=/home/sergey/bin:/home/sergey/.local/bin:/usr/local/sbin:/usr/local/bin:/usr/sbin:/usr/bin:/sbin:/bin:/usr/games:/usr/local/games:/snap/bin:/usr/lib/jvm/java-8-oracle/bin:/usr/lib/jvm/java-8-oracle/db/bin:/usr/lib/jvm/java-8-oracle/jre/bin
SHELL=/bin/bash
DISPLAY=:0

Signal Handlers:
SIGSEGV: [libjvm.so+0xad2a40], sa_mask[0]=11111111011111111101111111111110, sa_flags=SA_RESTART|SA_SIGINFO
SIGBUS: [libjvm.so+0xad2a40], sa_mask[0]=11111111011111111101111111111110, sa_flags=SA_RESTART|SA_SIGINFO
SIGFPE: [libjvm.so+0x92a610], sa_mask[0]=11111111011111111101111111111110, sa_flags=SA_RESTART|SA_SIGINFO
SIGPIPE: SIG_IGN, sa_mask[0]=00000000000010000000000000000000, sa_flags=SA_RESTART
SIGXFSZ: [libjvm.so+0x92a610], sa_mask[0]=11111111011111111101111111111110, sa_flags=SA_RESTART|SA_SIGINFO
SIGILL: [libjvm.so+0x92a610], sa_mask[0]=11111111011111111101111111111110, sa_flags=SA_RESTART|SA_SIGINFO
SIGUSR1: SIG_DFL, sa_mask[0]=00000000000000000000000000000000, sa_flags=none
SIGUSR2: [libjvm.so+0x92be70], sa_mask[0]=00100000000000000000000000000000, sa_flags=SA_RESTART|SA_SIGINFO
SIGHUP: [libjvm.so+0x92d270], sa_mask[0]=11111111011111111101111111111110, sa_flags=SA_RESTART|SA_SIGINFO
SIGINT: [libjvm.so+0x92d270], sa_mask[0]=11111111011111111101111111111110, sa_flags=SA_RESTART|SA_SIGINFO
SIGTERM: [libjvm.so+0x92d270], sa_mask[0]=11111111011111111101111111111110, sa_flags=SA_RESTART|SA_SIGINFO
SIGQUIT: [libjvm.so+0x92d270], sa_mask[0]=11111111011111111101111111111110, sa_flags=SA_RESTART|SA_SIGINFO


---------------  S Y S T E M  ---------------

OS:DISTRIB_ID=Ubuntu
DISTRIB_RELEASE=16.04
DISTRIB_CODENAME=xenial
DISTRIB_DESCRIPTION="Ubuntu 16.04.5 LTS"

uname:Linux 4.15.0-50-generic #54~16.04.1-Ubuntu SMP Wed May 8 15:55:19 UTC 2019 x86_64
libc:glibc 2.23 NPTL 2.23 
rlimit: STACK 8192k, CORE 0k, NPROC 14149, NOFILE 1048576, AS infinity
load average:1,26 1,58 1,62

/proc/meminfo:
MemTotal:        3755312 kB
MemFree:          536908 kB
MemAvailable:     736012 kB
Buffers:           15112 kB
Cached:           687640 kB
SwapCached:       300184 kB
Active:          2250552 kB
Inactive:         724960 kB
Active(anon):    1991480 kB
Inactive(anon):   602944 kB
Active(file):     259072 kB
Inactive(file):   122016 kB
Unevictable:         168 kB
Mlocked:              80 kB
SwapTotal:       3907580 kB
SwapFree:        2792392 kB
Dirty:                64 kB
Writeback:             0 kB
AnonPages:       2171104 kB
Mapped:           216856 kB
Shmem:            321360 kB
Slab:             110452 kB
SReclaimable:      43952 kB
SUnreclaim:        66500 kB
KernelStack:        7688 kB
PageTables:        47032 kB
NFS_Unstable:          0 kB
Bounce:                0 kB
WritebackTmp:          0 kB
CommitLimit:     5785236 kB
Committed_AS:    9750720 kB
VmallocTotal:   34359738367 kB
VmallocUsed:           0 kB
VmallocChunk:          0 kB
HardwareCorrupted:     0 kB
AnonHugePages:         0 kB
ShmemHugePages:        0 kB
ShmemPmdMapped:        0 kB
CmaTotal:              0 kB
CmaFree:               0 kB
HugePages_Total:       0
HugePages_Free:        0
HugePages_Rsvd:        0
HugePages_Surp:        0
Hugepagesize:       2048 kB
DirectMap4k:      316192 kB
DirectMap2M:     3592192 kB
DirectMap1G:           0 kB


CPU:total 4 (initial active 4) (2 cores per cpu, 2 threads per core) family 6 model 78 stepping 3, cmov, cx8, fxsr, mmx, sse, sse2, sse3, ssse3, sse4.1, sse4.2, popcnt, avx, avx2, aes, clmul, erms, 3dnowpref, lzcnt, ht, tsc, tscinvbit, bmi1, bmi2, adx

/proc/cpuinfo:
processor	: 0
vendor_id	: GenuineIntel
cpu family	: 6
model		: 78
model name	: Intel(R) Core(TM) i3-6006U CPU @ 2.00GHz
stepping	: 3
microcode	: 0xcc
cpu MHz		: 2000.000
cache size	: 3072 KB
physical id	: 0
siblings	: 4
core id		: 0
cpu cores	: 2
apicid		: 0
initial apicid	: 0
fpu		: yes
fpu_exception	: yes
cpuid level	: 22
wp		: yes
flags		: fpu vme de pse tsc msr pae mce cx8 apic sep mtrr pge mca cmov pat pse36 clflush dts acpi mmx fxsr sse sse2 ss ht tm pbe syscall nx pdpe1gb rdtscp lm constant_tsc art arch_perfmon pebs bts rep_good nopl xtopology nonstop_tsc cpuid aperfmperf tsc_known_freq pni pclmulqdq dtes64 monitor ds_cpl vmx est tm2 ssse3 sdbg fma cx16 xtpr pdcm pcid sse4_1 sse4_2 x2apic movbe popcnt tsc_deadline_timer aes xsave avx f16c rdrand lahf_lm abm 3dnowprefetch cpuid_fault epb invpcid_single pti ssbd ibrs ibpb stibp tpr_shadow vnmi flexpriority ept vpid fsgsbase tsc_adjust bmi1 avx2 smep bmi2 erms invpcid mpx rdseed adx smap clflushopt intel_pt xsaveopt xsavec xgetbv1 xsaves dtherm arat pln pts hwp hwp_notify hwp_act_window hwp_epp md_clear flush_l1d
bugs		: cpu_meltdown spectre_v1 spectre_v2 spec_store_bypass l1tf mds
bogomips	: 3984.00
clflush size	: 64
cache_alignment	: 64
address sizes	: 39 bits physical, 48 bits virtual
power management:

processor	: 1
vendor_id	: GenuineIntel
cpu family	: 6
model		: 78
model name	: Intel(R) Core(TM) i3-6006U CPU @ 2.00GHz
stepping	: 3
microcode	: 0xcc
cpu MHz		: 2000.000
cache size	: 3072 KB
physical id	: 0
siblings	: 4
core id		: 1
cpu cores	: 2
apicid		: 2
initial apicid	: 2
fpu		: yes
fpu_exception	: yes
cpuid level	: 22
wp		: yes
flags		: fpu vme de pse tsc msr pae mce cx8 apic sep mtrr pge mca cmov pat pse36 clflush dts acpi mmx fxsr sse sse2 ss ht tm pbe syscall nx pdpe1gb rdtscp lm constant_tsc art arch_perfmon pebs bts rep_good nopl xtopology nonstop_tsc cpuid aperfmperf tsc_known_freq pni pclmulqdq dtes64 monitor ds_cpl vmx est tm2 ssse3 sdbg fma cx16 xtpr pdcm pcid sse4_1 sse4_2 x2apic movbe popcnt tsc_deadline_timer aes xsave avx f16c rdrand lahf_lm abm 3dnowprefetch cpuid_fault epb invpcid_single pti ssbd ibrs ibpb stibp tpr_shadow vnmi flexpriority ept vpid fsgsbase tsc_adjust bmi1 avx2 smep bmi2 erms invpcid mpx rdseed adx smap clflushopt intel_pt xsaveopt xsavec xgetbv1 xsaves dtherm arat pln pts hwp hwp_notify hwp_act_window hwp_epp md_clear flush_l1d
bugs		: cpu_meltdown spectre_v1 spectre_v2 spec_store_bypass l1tf mds
bogomips	: 3984.00
clflush size	: 64
cache_alignment	: 64
address sizes	: 39 bits physical, 48 bits virtual
power management:

processor	: 2
vendor_id	: GenuineIntel
cpu family	: 6
model		: 78
model name	: Intel(R) Core(TM) i3-6006U CPU @ 2.00GHz
stepping	: 3
microcode	: 0xcc
cpu MHz		: 1999.999
cache size	: 3072 KB
physical id	: 0
siblings	: 4
core id		: 0
cpu cores	: 2
apicid		: 1
initial apicid	: 1
fpu		: yes
fpu_exception	: yes
cpuid level	: 22
wp		: yes
flags		: fpu vme de pse tsc msr pae mce cx8 apic sep mtrr pge mca cmov pat pse36 clflush dts acpi mmx fxsr sse sse2 ss ht tm pbe syscall nx pdpe1gb rdtscp lm constant_tsc art arch_perfmon pebs bts rep_good nopl xtopology nonstop_tsc cpuid aperfmperf tsc_known_freq pni pclmulqdq dtes64 monitor ds_cpl vmx est tm2 ssse3 sdbg fma cx16 xtpr pdcm pcid sse4_1 sse4_2 x2apic movbe popcnt tsc_deadline_timer aes xsave avx f16c rdrand lahf_lm abm 3dnowprefetch cpuid_fault epb invpcid_single pti ssbd ibrs ibpb stibp tpr_shadow vnmi flexpriority ept vpid fsgsbase tsc_adjust bmi1 avx2 smep bmi2 erms invpcid mpx rdseed adx smap clflushopt intel_pt xsaveopt xsavec xgetbv1 xsaves dtherm arat pln pts hwp hwp_notify hwp_act_window hwp_epp md_clear flush_l1d
bugs		: cpu_meltdown spectre_v1 spectre_v2 spec_store_bypass l1tf mds
bogomips	: 3984.00
clflush size	: 64
cache_alignment	: 64
address sizes	: 39 bits physical, 48 bits virtual
power management:

processor	: 3
vendor_id	: GenuineIntel
cpu family	: 6
model		: 78
model name	: Intel(R) Core(TM) i3-6006U CPU @ 2.00GHz
stepping	: 3
microcode	: 0xcc
cpu MHz		: 2000.001
cache size	: 3072 KB
physical id	: 0
siblings	: 4
core id		: 1
cpu cores	: 2
apicid		: 3
initial apicid	: 3
fpu		: yes
fpu_exception	: yes
cpuid level	: 22
wp		: yes
flags		: fpu vme de pse tsc msr pae mce cx8 apic sep mtrr pge mca cmov pat pse36 clflush dts acpi mmx fxsr sse sse2 ss ht tm pbe syscall nx pdpe1gb rdtscp lm constant_tsc art arch_perfmon pebs bts rep_good nopl xtopology nonstop_tsc cpuid aperfmperf tsc_known_freq pni pclmulqdq dtes64 monitor ds_cpl vmx est tm2 ssse3 sdbg fma cx16 xtpr pdcm pcid sse4_1 sse4_2 x2apic movbe popcnt tsc_deadline_timer aes xsave avx f16c rdrand lahf_lm abm 3dnowprefetch cpuid_fault epb invpcid_single pti ssbd ibrs ibpb stibp tpr_shadow vnmi flexpriority ept vpid fsgsbase tsc_adjust bmi1 avx2 smep bmi2 erms invpcid mpx rdseed adx smap clflushopt intel_pt xsaveopt xsavec xgetbv1 xsaves dtherm arat pln pts hwp hwp_notify hwp_act_window hwp_epp md_clear flush_l1d
bugs		: cpu_meltdown spectre_v1 spectre_v2 spec_store_bypass l1tf mds
bogomips	: 3984.00
clflush size	: 64
cache_alignment	: 64
address sizes	: 39 bits physical, 48 bits virtual
power management:



Memory: 4k page, physical 3755312k(529644k free), swap 3907580k(2796108k free)

vm_info: Java HotSpot(TM) 64-Bit Server VM (25.181-b13) for linux-amd64 JRE (1.8.0_181-b13), built on Jul  7 2018 00:56:38 by "java_re" with gcc 4.3.0 20080428 (Red Hat 4.3.0-8)

time: Wed Jun  5 23:58:38 2019
elapsed time: 89 seconds (0d 0h 1m 29s)

